Started GET "/" for ::1 at 2023-08-25 14:21:33 +0530
Processing by Rails::WelcomeController#index as HTML
  Rendering C:/Users/JYOTI/.local/share/gem/ruby/3.2.0/gems/railties-7.0.7.2/lib/rails/templates/rails/welcome/index.html.erb
  Rendered C:/Users/JYOTI/.local/share/gem/ruby/3.2.0/gems/railties-7.0.7.2/lib/rails/templates/rails/welcome/index.html.erb (Duration: 9.3ms | Allocations: 707)
Completed 200 OK in 164ms (Views: 39.2ms | ActiveRecord: 0.0ms | Allocations: 8384)


Started GET "/" for ::1 at 2023-08-25 14:22:56 +0530
Processing by Rails::WelcomeController#index as HTML
  Rendering C:/Users/JYOTI/.local/share/gem/ruby/3.2.0/gems/railties-7.0.7.2/lib/rails/templates/rails/welcome/index.html.erb
  Rendered C:/Users/JYOTI/.local/share/gem/ruby/3.2.0/gems/railties-7.0.7.2/lib/rails/templates/rails/welcome/index.html.erb (Duration: 1.8ms | Allocations: 272)
Completed 200 OK in 12ms (Views: 5.1ms | ActiveRecord: 0.0ms | Allocations: 909)


Started GET "/home/index" for ::1 at 2023-08-25 15:16:43 +0530
Processing by HomeController#index as HTML
  Rendering layout layouts/application.html.erb
  Rendering home/index.html.erb within layouts/application
  Rendered home/index.html.erb within layouts/application (Duration: 5.9ms | Allocations: 336)
  Rendered layout layouts/application.html.erb (Duration: 1623.3ms | Allocations: 96947)
Completed 200 OK in 1698ms (Views: 1647.6ms | ActiveRecord: 0.0ms | Allocations: 101461)


Started GET "/home/index" for ::1 at 2023-08-25 15:18:37 +0530
Processing by HomeController#index as HTML
  Rendering layout layouts/application.html.erb
  Rendering home/index.html.erb within layouts/application
  Rendered home/index.html.erb within layouts/application (Duration: 1.3ms | Allocations: 112)
  Rendered layout layouts/application.html.erb (Duration: 16.3ms | Allocations: 2782)
Completed 200 OK in 34ms (Views: 27.5ms | ActiveRecord: 0.0ms | Allocations: 3606)


Started GET "/home/index" for ::1 at 2023-08-25 15:20:09 +0530
Processing by HomeController#index as HTML
  Rendering layout layouts/application.html.erb
  Rendering home/index.html.erb within layouts/application
  Rendered home/index.html.erb within layouts/application (Duration: 1.2ms | Allocations: 107)
  Rendered layout layouts/application.html.erb (Duration: 16.4ms | Allocations: 2735)
Completed 200 OK in 34ms (Views: 27.6ms | ActiveRecord: 0.0ms | Allocations: 3556)


Started GET "/" for ::1 at 2023-08-25 15:20:18 +0530
Processing by Rails::WelcomeController#index as HTML
  Rendering C:/Users/JYOTI/.local/share/gem/ruby/3.2.0/gems/railties-7.0.7.2/lib/rails/templates/rails/welcome/index.html.erb
  Rendered C:/Users/JYOTI/.local/share/gem/ruby/3.2.0/gems/railties-7.0.7.2/lib/rails/templates/rails/welcome/index.html.erb (Duration: 2.0ms | Allocations: 284)
Completed 200 OK in 13ms (Views: 4.8ms | ActiveRecord: 0.0ms | Allocations: 999)


Started GET "/home/index" for ::1 at 2023-08-25 15:22:34 +0530
  
ActionController::RoutingError (No route matches [GET] "/home/index"):
  
Started GET "/home/index" for ::1 at 2023-08-25 15:23:08 +0530
Processing by HomeController#index as HTML
  Rendering layout layouts/application.html.erb
  Rendering home/index.html.erb within layouts/application
  Rendered home/index.html.erb within layouts/application (Duration: 1.2ms | Allocations: 106)
  Rendered layout layouts/application.html.erb (Duration: 75.2ms | Allocations: 13741)
Completed 200 OK in 94ms (Views: 86.8ms | ActiveRecord: 0.0ms | Allocations: 14611)


Started GET "/" for ::1 at 2023-08-25 15:25:01 +0530
Processing by HomeController#index as HTML
  Rendering layout layouts/application.html.erb
  Rendering home/index.html.erb within layouts/application
  Rendered home/index.html.erb within layouts/application (Duration: 0.1ms | Allocations: 10)
  Rendered layout layouts/application.html.erb (Duration: 55.7ms | Allocations: 13431)
Completed 200 OK in 62ms (Views: 58.8ms | ActiveRecord: 0.0ms | Allocations: 13971)


Started GET "/" for ::1 at 2023-08-25 15:25:12 +0530
Processing by HomeController#index as HTML
  Rendering layout layouts/application.html.erb
  Rendering home/index.html.erb within layouts/application
  Rendered home/index.html.erb within layouts/application (Duration: 0.1ms | Allocations: 7)
  Rendered layout layouts/application.html.erb (Duration: 12.1ms | Allocations: 2371)
Completed 200 OK in 15ms (Views: 13.6ms | ActiveRecord: 0.0ms | Allocations: 2647)


Started GET "/" for ::1 at 2023-08-25 15:25:15 +0530
Processing by HomeController#index as HTML
  Rendering layout layouts/application.html.erb
  Rendering home/index.html.erb within layouts/application
  Rendered home/index.html.erb within layouts/application (Duration: 0.1ms | Allocations: 7)
  Rendered layout layouts/application.html.erb (Duration: 12.4ms | Allocations: 2359)
Completed 200 OK in 18ms (Views: 14.1ms | ActiveRecord: 0.0ms | Allocations: 2635)


Started GET "/" for ::1 at 2023-08-25 15:25:16 +0530
Processing by HomeController#index as HTML
  Rendering layout layouts/application.html.erb
  Rendering home/index.html.erb within layouts/application
  Rendered home/index.html.erb within layouts/application (Duration: 0.1ms | Allocations: 7)
  Rendered layout layouts/application.html.erb (Duration: 14.5ms | Allocations: 2350)
Completed 200 OK in 20ms (Views: 15.7ms | ActiveRecord: 0.0ms | Allocations: 2626)


Started GET "/" for ::1 at 2023-08-25 15:29:54 +0530
Processing by HomeController#index as HTML
  Rendering layout layouts/application.html.erb
  Rendering home/index.html.erb within layouts/application
  Rendered home/index.html.erb within layouts/application (Duration: 4.5ms | Allocations: 335)
  Rendered layout layouts/application.html.erb (Duration: 197.0ms | Allocations: 35563)
Completed 200 OK in 274ms (Views: 222.0ms | ActiveRecord: 0.0ms | Allocations: 40078)


Started GET "/" for ::1 at 2023-08-26 09:21:16 +0530
Processing by HomeController#index as HTML
  Rendering layout layouts/application.html.erb
  Rendering home/index.html.erb within layouts/application
  Rendered home/index.html.erb within layouts/application (Duration: 2.1ms | Allocations: 336)
  Rendered layout layouts/application.html.erb (Duration: 74.8ms | Allocations: 35631)
Completed 200 OK in 102ms (Views: 83.8ms | ActiveRecord: 0.0ms | Allocations: 40161)


Started GET "/" for ::1 at 2023-08-26 09:21:28 +0530
Processing by HomeController#index as HTML
  Rendering layout layouts/application.html.erb
  Rendering home/index.html.erb within layouts/application
  Rendered home/index.html.erb within layouts/application (Duration: 0.0ms | Allocations: 7)
  Rendered layout layouts/application.html.erb (Duration: 4.2ms | Allocations: 2391)
Completed 200 OK in 6ms (Views: 5.0ms | ActiveRecord: 0.0ms | Allocations: 2670)


Started GET "/" for ::1 at 2023-08-26 09:21:30 +0530
Processing by HomeController#index as HTML
  Rendering layout layouts/application.html.erb
  Rendering home/index.html.erb within layouts/application
  Rendered home/index.html.erb within layouts/application (Duration: 0.0ms | Allocations: 7)
  Rendered layout layouts/application.html.erb (Duration: 4.6ms | Allocations: 2352)
Completed 200 OK in 7ms (Views: 5.4ms | ActiveRecord: 0.0ms | Allocations: 2630)


Started GET "/student/index" for ::1 at 2023-08-26 09:22:09 +0530
Processing by StudentController#index as HTML
  Rendering layout layouts/application.html.erb
  Rendering student/index.html.erb within layouts/application
  Rendered student/index.html.erb within layouts/application (Duration: 0.6ms | Allocations: 112)
  Rendered layout layouts/application.html.erb (Duration: 5.7ms | Allocations: 2561)
Completed 200 OK in 11ms (Views: 9.1ms | ActiveRecord: 0.0ms | Allocations: 3220)


Started GET "/student/index" for ::1 at 2023-08-26 09:23:17 +0530
Processing by StudentController#index as HTML
  Rendering layout layouts/application.html.erb
  Rendering student/index.html.erb within layouts/application
  Rendered student/index.html.erb within layouts/application (Duration: 0.0ms | Allocations: 7)
  Rendered layout layouts/application.html.erb (Duration: 4.1ms | Allocations: 2351)
Completed 200 OK in 6ms (Views: 4.9ms | ActiveRecord: 0.0ms | Allocations: 2629)


Started GET "/" for ::1 at 2023-08-26 09:23:42 +0530
Processing by HomeController#index as HTML
  Rendering layout layouts/application.html.erb
  Rendering home/index.html.erb within layouts/application
  Rendered home/index.html.erb within layouts/application (Duration: 0.0ms | Allocations: 7)
  Rendered layout layouts/application.html.erb (Duration: 18.9ms | Allocations: 2348)
Completed 200 OK in 23ms (Views: 20.8ms | ActiveRecord: 0.0ms | Allocations: 2628)


Started GET "/" for ::1 at 2023-08-26 09:26:20 +0530
Processing by StudentController#index as HTML
  Rendering layout layouts/application.html.erb
  Rendering student/index.html.erb within layouts/application
  Rendered student/index.html.erb within layouts/application (Duration: 0.0ms | Allocations: 10)
  Rendered layout layouts/application.html.erb (Duration: 47.2ms | Allocations: 13464)
Completed 200 OK in 51ms (Views: 49.1ms | ActiveRecord: 0.0ms | Allocations: 14005)


Started GET "/" for ::1 at 2023-08-26 09:28:10 +0530
Processing by StudentController#index as HTML
  Rendering layout layouts/application.html.erb
  Rendering student/index.html.erb within layouts/application
  Rendered student/index.html.erb within layouts/application (Duration: 0.1ms | Allocations: 7)
  Rendered layout layouts/application.html.erb (Duration: 13.3ms | Allocations: 2356)
Completed 200 OK in 19ms (Views: 14.8ms | ActiveRecord: 0.0ms | Allocations: 2632)


Started GET "/" for ::1 at 2023-08-26 09:28:13 +0530
Processing by StudentController#index as HTML
  Rendering layout layouts/application.html.erb
  Rendering student/index.html.erb within layouts/application
  Rendered student/index.html.erb within layouts/application (Duration: 0.0ms | Allocations: 7)
  Rendered layout layouts/application.html.erb (Duration: 12.2ms | Allocations: 2353)
Completed 200 OK in 17ms (Views: 13.2ms | ActiveRecord: 0.0ms | Allocations: 2629)


Started GET "/" for ::1 at 2023-08-26 09:28:15 +0530
Processing by StudentController#index as HTML
  Rendering layout layouts/application.html.erb
  Rendering student/index.html.erb within layouts/application
  Rendered student/index.html.erb within layouts/application (Duration: 0.0ms | Allocations: 7)
  Rendered layout layouts/application.html.erb (Duration: 11.9ms | Allocations: 2341)
Completed 200 OK in 17ms (Views: 13.3ms | ActiveRecord: 0.0ms | Allocations: 2617)


Started GET "/" for ::1 at 2023-08-26 10:13:21 +0530
Processing by StudentController#index as HTML
  Rendering layout layouts/application.html.erb
  Rendering student/index.html.erb within layouts/application
  Rendered student/index.html.erb within layouts/application (Duration: 1.1ms | Allocations: 114)
  Rendered layout layouts/application.html.erb (Duration: 59.4ms | Allocations: 13750)
Completed 200 OK in 78ms (Views: 71.5ms | ActiveRecord: 0.0ms | Allocations: 14659)


Started GET "/" for ::1 at 2023-08-26 10:13:44 +0530
Processing by StudentController#index as HTML
  Rendering layout layouts/application.html.erb
  Rendering student/index.html.erb within layouts/application
  Rendered student/index.html.erb within layouts/application (Duration: 2.0ms | Allocations: 112)
  Rendered layout layouts/application.html.erb (Duration: 16.1ms | Allocations: 2753)
Completed 200 OK in 33ms (Views: 28.0ms | ActiveRecord: 0.0ms | Allocations: 3576)


Started GET "/" for ::1 at 2023-08-26 10:18:29 +0530
Processing by StudentController#index as HTML
  Rendering layout layouts/application.html.erb
  Rendering student/index.html.erb within layouts/application
  Rendered student/index.html.erb within layouts/application (Duration: 187.6ms | Allocations: 11058)
  Rendered layout layouts/application.html.erb (Duration: 200.7ms | Allocations: 13518)
Completed 200 OK in 222ms (Views: 215.0ms | ActiveRecord: 0.0ms | Allocations: 14339)


Started GET "/" for ::1 at 2023-08-26 10:21:51 +0530
Processing by StudentController#index as HTML
  Rendering layout layouts/application.html.erb
  Rendering student/index.html.erb within layouts/application
  Rendered student/index.html.erb within layouts/application (Duration: 5.4ms | Allocations: 3565)
  Rendered layout layouts/application.html.erb (Duration: 20.7ms | Allocations: 6022)
Completed 200 OK in 44ms (Views: 36.4ms | ActiveRecord: 0.0ms | Allocations: 6845)


Started GET "/" for ::1 at 2023-08-26 10:28:27 +0530
Processing by StudentController#index as HTML
  Rendering layout layouts/application.html.erb
  Rendering student/index.html.erb within layouts/application
  Rendered student/index.html.erb within layouts/application (Duration: 5.7ms | Allocations: 3587)
  Rendered layout layouts/application.html.erb (Duration: 22.1ms | Allocations: 6044)
Completed 200 OK in 40ms (Views: 33.6ms | ActiveRecord: 0.0ms | Allocations: 6865)


Started GET "/" for ::1 at 2023-08-26 10:29:12 +0530
Processing by StudentController#index as HTML
  Rendering layout layouts/application.html.erb
  Rendering student/index.html.erb within layouts/application
  Rendered student/index.html.erb within layouts/application (Duration: 5.4ms | Allocations: 3543)
  Rendered layout layouts/application.html.erb (Duration: 18.2ms | Allocations: 6001)
Completed 200 OK in 34ms (Views: 29.2ms | ActiveRecord: 0.0ms | Allocations: 6822)


Started GET "/" for ::1 at 2023-08-26 10:32:45 +0530
Processing by StudentController#index as HTML
  Rendering layout layouts/application.html.erb
  Rendering student/index.html.erb within layouts/application
  Rendered student/index.html.erb within layouts/application (Duration: 4.7ms | Allocations: 3558)
  Rendered layout layouts/application.html.erb (Duration: 18.9ms | Allocations: 6015)
Completed 200 OK in 37ms (Views: 30.7ms | ActiveRecord: 0.0ms | Allocations: 6836)


Started GET "/" for ::1 at 2023-08-26 10:32:50 +0530
Processing by StudentController#index as HTML
  Rendering layout layouts/application.html.erb
  Rendering student/index.html.erb within layouts/application
  Rendered student/index.html.erb within layouts/application (Duration: 3.0ms | Allocations: 3252)
  Rendered layout layouts/application.html.erb (Duration: 21.0ms | Allocations: 5467)
Completed 200 OK in 26ms (Views: 22.6ms | ActiveRecord: 0.0ms | Allocations: 5744)


Started GET "/" for ::1 at 2023-08-26 10:33:07 +0530
Processing by StudentController#index as HTML
  Rendering layout layouts/application.html.erb
  Rendering student/index.html.erb within layouts/application
  Rendered student/index.html.erb within layouts/application (Duration: 5.1ms | Allocations: 3567)
  Rendered layout layouts/application.html.erb (Duration: 17.4ms | Allocations: 6044)
Completed 200 OK in 34ms (Views: 28.0ms | ActiveRecord: 0.0ms | Allocations: 6867)


Started GET "/" for ::1 at 2023-08-26 10:33:25 +0530
Processing by StudentController#index as HTML
  Rendering layout layouts/application.html.erb
  Rendering student/index.html.erb within layouts/application
  Rendered student/index.html.erb within layouts/application (Duration: 5.1ms | Allocations: 3553)
  Rendered layout layouts/application.html.erb (Duration: 20.1ms | Allocations: 6010)
Completed 200 OK in 38ms (Views: 31.9ms | ActiveRecord: 0.0ms | Allocations: 6833)


Started GET "/" for ::1 at 2023-08-26 10:33:28 +0530
Processing by StudentController#index as HTML
  Rendering layout layouts/application.html.erb
  Rendering student/index.html.erb within layouts/application
  Rendered student/index.html.erb within layouts/application (Duration: 3.1ms | Allocations: 3252)
  Rendered layout layouts/application.html.erb (Duration: 15.3ms | Allocations: 5438)
Completed 200 OK in 20ms (Views: 16.5ms | ActiveRecord: 0.0ms | Allocations: 5715)


Started GET "/" for ::1 at 2023-08-26 10:34:14 +0530
Processing by StudentController#index as HTML
  Rendering layout layouts/application.html.erb
  Rendering student/index.html.erb within layouts/application
  Rendered student/index.html.erb within layouts/application (Duration: 5.7ms | Allocations: 3552)
  Rendered layout layouts/application.html.erb (Duration: 19.2ms | Allocations: 6009)
Completed 200 OK in 35ms (Views: 28.9ms | ActiveRecord: 0.0ms | Allocations: 6829)


Started GET "/" for ::1 at 2023-08-26 10:40:33 +0530
Processing by StudentController#index as HTML
  Rendering layout layouts/application.html.erb
  Rendering student/index.html.erb within layouts/application
  Rendered student/index.html.erb within layouts/application (Duration: 66.8ms | Allocations: 11840)
  Rendered layout layouts/application.html.erb (Duration: 72.8ms | Allocations: 14297)
Completed 200 OK in 80ms (Views: 77.7ms | ActiveRecord: 0.0ms | Allocations: 15118)


Started GET "/" for ::1 at 2023-08-26 10:41:46 +0530
Processing by StudentController#index as HTML
  Rendering layout layouts/application.html.erb
  Rendering student/index.html.erb within layouts/application
  Rendered student/index.html.erb within layouts/application (Duration: 3.9ms | Allocations: 3663)
  Rendered layout layouts/application.html.erb (Duration: 11.4ms | Allocations: 6156)
Completed 200 OK in 17ms (Views: 15.3ms | ActiveRecord: 0.0ms | Allocations: 6977)


Started GET "/" for ::1 at 2023-08-26 10:41:49 +0530
Processing by StudentController#index as HTML
  Rendering layout layouts/application.html.erb
  Rendering student/index.html.erb within layouts/application
  Rendered student/index.html.erb within layouts/application (Duration: 1.5ms | Allocations: 3346)
  Rendered layout layouts/application.html.erb (Duration: 6.3ms | Allocations: 5554)
Completed 200 OK in 8ms (Views: 6.9ms | ActiveRecord: 0.0ms | Allocations: 5831)


Started GET "/" for ::1 at 2023-08-26 10:48:49 +0530
Processing by StudentController#index as HTML
  Rendering layout layouts/application.html.erb
  Rendering student/index.html.erb within layouts/application
  Rendered student/index.html.erb within layouts/application (Duration: 2.0ms | Allocations: 3660)
  Rendered layout layouts/application.html.erb (Duration: 6.8ms | Allocations: 6116)
Completed 200 OK in 13ms (Views: 10.6ms | ActiveRecord: 0.0ms | Allocations: 6939)


Started GET "/" for ::1 at 2023-08-26 10:49:33 +0530
Processing by StudentController#index as HTML
  Rendering layout layouts/application.html.erb
  Rendering student/index.html.erb within layouts/application
  Rendered student/index.html.erb within layouts/application (Duration: 1.9ms | Allocations: 3662)
  Rendered layout layouts/application.html.erb (Duration: 8.7ms | Allocations: 6118)
Completed 200 OK in 15ms (Views: 12.9ms | ActiveRecord: 0.0ms | Allocations: 6939)


Started GET "/" for ::1 at 2023-08-26 10:49:36 +0530
Processing by StudentController#index as HTML
  Rendering layout layouts/application.html.erb
  Rendering student/index.html.erb within layouts/application
  Rendered student/index.html.erb within layouts/application (Duration: 1.6ms | Allocations: 3342)
  Rendered layout layouts/application.html.erb (Duration: 6.0ms | Allocations: 5529)
Completed 200 OK in 9ms (Views: 6.9ms | ActiveRecord: 0.0ms | Allocations: 5806)


Started GET "/" for ::1 at 2023-08-26 10:50:12 +0530
Processing by StudentController#index as HTML
  Rendering layout layouts/application.html.erb
  Rendering student/index.html.erb within layouts/application
  Rendered student/index.html.erb within layouts/application (Duration: 2.0ms | Allocations: 3682)
  Rendered layout layouts/application.html.erb (Duration: 7.7ms | Allocations: 6138)
Completed 200 OK in 15ms (Views: 12.5ms | ActiveRecord: 0.0ms | Allocations: 6958)


Started GET "/" for ::1 at 2023-08-26 10:50:50 +0530
Processing by StudentController#index as HTML
  Rendering layout layouts/application.html.erb
  Rendering student/index.html.erb within layouts/application
  Rendered student/index.html.erb within layouts/application (Duration: 1.8ms | Allocations: 3661)
  Rendered layout layouts/application.html.erb (Duration: 6.3ms | Allocations: 6117)
Completed 200 OK in 12ms (Views: 10.0ms | ActiveRecord: 0.0ms | Allocations: 6938)


Started GET "/" for ::1 at 2023-08-26 10:51:30 +0530
Processing by StudentController#index as HTML
  Rendering layout layouts/application.html.erb
  Rendering student/index.html.erb within layouts/application
  Rendered student/index.html.erb within layouts/application (Duration: 1.8ms | Allocations: 3664)
  Rendered layout layouts/application.html.erb (Duration: 6.4ms | Allocations: 6120)
Completed 200 OK in 12ms (Views: 10.5ms | ActiveRecord: 0.0ms | Allocations: 6941)


Started GET "/" for ::1 at 2023-08-26 10:52:43 +0530
Processing by StudentController#index as HTML
  Rendering layout layouts/application.html.erb
  Rendering student/index.html.erb within layouts/application
  Rendered student/index.html.erb within layouts/application (Duration: 3.3ms | Allocations: 3659)
  Rendered layout layouts/application.html.erb (Duration: 8.6ms | Allocations: 6154)
Completed 200 OK in 15ms (Views: 12.4ms | ActiveRecord: 0.0ms | Allocations: 6975)


Started GET "/" for ::1 at 2023-08-26 10:52:55 +0530
Processing by StudentController#index as HTML
  Rendering layout layouts/application.html.erb
  Rendering student/index.html.erb within layouts/application
  Rendered student/index.html.erb within layouts/application (Duration: 2.0ms | Allocations: 3674)
  Rendered layout layouts/application.html.erb (Duration: 8.1ms | Allocations: 6141)
Completed 200 OK in 14ms (Views: 12.0ms | ActiveRecord: 0.0ms | Allocations: 6965)


Started GET "/" for ::1 at 2023-08-26 14:50:14 +0530
Processing by StudentController#index as HTML
  Rendering layout layouts/application.html.erb
  Rendering student/index.html.erb within layouts/application
  Rendered student/index.html.erb within layouts/application (Duration: 77.7ms | Allocations: 12504)
  Rendered layout layouts/application.html.erb (Duration: 78.3ms | Allocations: 12586)
Completed 500 Internal Server Error in 90ms (ActiveRecord: 0.0ms | Allocations: 13409)


  
ActionView::Template::Error (undefined local variable or method `java' for #<ActionView::Base:0x00000000012bd8>):
    76: <body>
    77: 
    78: <h3>Using CSS to style an HTML Form</h3>
    79: <h4>Server Date & Time : <%= new java.util.Date()%></h4>
    80: 
    81: <div>
    82:   <form name="firstForm" method="post" action="jspController/formController.jsp">
  
app/views/student/index.html.erb:79
Started GET "/" for ::1 at 2023-08-26 14:51:27 +0530
Processing by StudentController#index as HTML
  Rendering layout layouts/application.html.erb
  Rendering student/index.html.erb within layouts/application
  Rendered student/index.html.erb within layouts/application (Duration: 1.9ms | Allocations: 3740)
  Rendered layout layouts/application.html.erb (Duration: 8.3ms | Allocations: 6230)
Completed 200 OK in 14ms (Views: 12.1ms | ActiveRecord: 0.0ms | Allocations: 7052)


Started POST "/jspController/formController.jsp" for ::1 at 2023-08-26 14:51:54 +0530
  
ActionController::RoutingError (No route matches [POST] "/jspController/formController.jsp"):
  
Started POST "/jspController/formController.jsp" for ::1 at 2023-08-26 14:52:02 +0530
  
ActionController::RoutingError (No route matches [POST] "/jspController/formController.jsp"):
  
Started POST "/jspController/formController.jsp" for ::1 at 2023-08-26 14:53:39 +0530
  
ActionController::RoutingError (No route matches [POST] "/jspController/formController.jsp"):
  
Started GET "/" for ::1 at 2023-08-26 14:53:46 +0530
Processing by StudentController#index as HTML
  Rendering layout layouts/application.html.erb
  Rendering student/index.html.erb within layouts/application
  Rendered student/index.html.erb within layouts/application (Duration: 2.2ms | Allocations: 3738)
  Rendered layout layouts/application.html.erb (Duration: 7.1ms | Allocations: 6228)
Completed 200 OK in 13ms (Views: 11.1ms | ActiveRecord: 0.0ms | Allocations: 7016)


Started GET "/" for ::1 at 2023-08-26 14:53:47 +0530
Processing by StudentController#index as HTML
  Rendering layout layouts/application.html.erb
  Rendering student/index.html.erb within layouts/application
  Rendered student/index.html.erb within layouts/application (Duration: 1.2ms | Allocations: 3360)
  Rendered layout layouts/application.html.erb (Duration: 5.0ms | Allocations: 5546)
Completed 200 OK in 7ms (Views: 5.8ms | ActiveRecord: 0.0ms | Allocations: 5823)


Started GET "/" for ::1 at 2023-08-26 14:53:48 +0530
Processing by StudentController#index as HTML
  Rendering layout layouts/application.html.erb
  Rendering student/index.html.erb within layouts/application
  Rendered student/index.html.erb within layouts/application (Duration: 1.1ms | Allocations: 3354)
  Rendered layout layouts/application.html.erb (Duration: 4.8ms | Allocations: 5540)
Completed 200 OK in 7ms (Views: 5.6ms | ActiveRecord: 0.0ms | Allocations: 5816)


Started GET "/" for ::1 at 2023-08-26 14:53:49 +0530
Processing by StudentController#index as HTML
  Rendering layout layouts/application.html.erb
  Rendering student/index.html.erb within layouts/application
  Rendered student/index.html.erb within layouts/application (Duration: 1.9ms | Allocations: 3342)
  Rendered layout layouts/application.html.erb (Duration: 6.1ms | Allocations: 5528)
Completed 200 OK in 8ms (Views: 6.7ms | ActiveRecord: 0.0ms | Allocations: 5804)


Started GET "/" for ::1 at 2023-08-26 14:53:49 +0530
Processing by StudentController#index as HTML
  Rendering layout layouts/application.html.erb
  Rendering student/index.html.erb within layouts/application
  Rendered student/index.html.erb within layouts/application (Duration: 1.2ms | Allocations: 3325)
  Rendered layout layouts/application.html.erb (Duration: 5.2ms | Allocations: 5511)
Completed 200 OK in 8ms (Views: 7.1ms | ActiveRecord: 0.0ms | Allocations: 5787)


Started GET "/" for ::1 at 2023-08-26 14:53:50 +0530
Processing by StudentController#index as HTML
  Rendering layout layouts/application.html.erb
  Rendering student/index.html.erb within layouts/application
  Rendered student/index.html.erb within layouts/application (Duration: 1.6ms | Allocations: 3342)
  Rendered layout layouts/application.html.erb (Duration: 5.9ms | Allocations: 5562)
Completed 200 OK in 8ms (Views: 6.7ms | ActiveRecord: 0.0ms | Allocations: 5838)


Started GET "/" for ::1 at 2023-08-26 14:54:37 +0530
Processing by StudentController#index as HTML
  Rendering layout layouts/application.html.erb
  Rendering student/index.html.erb within layouts/application
  Rendered student/index.html.erb within layouts/application (Duration: 2.3ms | Allocations: 3667)
  Rendered layout layouts/application.html.erb (Duration: 8.4ms | Allocations: 6146)
Completed 200 OK in 14ms (Views: 12.2ms | ActiveRecord: 0.0ms | Allocations: 6969)


